Connecting to database specified by database.yml
Compiled jquery.js  (3ms)  (pid 47063)
Compiled jquery_ujs.js  (0ms)  (pid 47063)
Compiled bootstrap-transition.js  (0ms)  (pid 47063)
Compiled bootstrap-affix.js  (0ms)  (pid 47063)
Compiled bootstrap-alert.js  (0ms)  (pid 47063)
Compiled bootstrap-button.js  (0ms)  (pid 47063)
Compiled bootstrap-carousel.js  (0ms)  (pid 47063)
Compiled bootstrap-collapse.js  (0ms)  (pid 47063)
Compiled bootstrap-dropdown.js  (0ms)  (pid 47063)
Compiled bootstrap-modal.js  (0ms)  (pid 47063)
Compiled bootstrap-scrollspy.js  (0ms)  (pid 47063)
Compiled bootstrap-tab.js  (0ms)  (pid 47063)
Compiled bootstrap-tooltip.js  (0ms)  (pid 47063)
Compiled bootstrap-popover.js  (0ms)  (pid 47063)
Compiled bootstrap-typeahead.js  (0ms)  (pid 47063)
Compiled bootstrap.js  (40ms)  (pid 47063)
Compiled circle.player.js  (0ms)  (pid 47063)
Compiled comments.js  (98ms)  (pid 47063)
Compiled home.js  (96ms)  (pid 47063)
Compiled jquery.grab.js  (0ms)  (pid 47063)
Compiled jquery.jplayer.min.js  (0ms)  (pid 47063)
Compiled jquery.transform2d.js  (0ms)  (pid 47063)
Compiled mod.csstransforms.min.js  (0ms)  (pid 47063)
Compiled rebounds.js  (89ms)  (pid 47063)
Compiled relationships.js  (89ms)  (pid 47063)
Compiled shots.js  (90ms)  (pid 47063)
Compiled application.js  (625ms)  (pid 47063)
Compiled bootstrap_and_overrides.css  (1505ms)  (pid 47063)
Compiled circle.player.css  (0ms)  (pid 47063)
Compiled comments.css  (1ms)  (pid 47063)
Compiled font-awesome.css  (181ms)  (pid 47063)
Compiled home.css  (1ms)  (pid 47063)
Compiled rebounds.css  (0ms)  (pid 47063)
Compiled relationships.css  (0ms)  (pid 47063)
Compiled shots.css  (0ms)  (pid 47063)
Compiled zbase.css  (332ms)  (pid 47063)
Compiled application.css  (2058ms)  (pid 47063)
Connecting to database specified by database.yml
Compiled jquery.js  (3ms)  (pid 47063)
Compiled jquery_ujs.js  (0ms)  (pid 47063)
Compiled bootstrap-transition.js  (0ms)  (pid 47063)
Compiled bootstrap-affix.js  (0ms)  (pid 47063)
Compiled bootstrap-alert.js  (0ms)  (pid 47063)
Compiled bootstrap-button.js  (0ms)  (pid 47063)
Compiled bootstrap-carousel.js  (0ms)  (pid 47063)
Compiled bootstrap-collapse.js  (0ms)  (pid 47063)
Compiled bootstrap-dropdown.js  (0ms)  (pid 47063)
Compiled bootstrap-modal.js  (0ms)  (pid 47063)
Compiled bootstrap-scrollspy.js  (0ms)  (pid 47063)
Compiled bootstrap-tab.js  (0ms)  (pid 47063)
Compiled bootstrap-tooltip.js  (0ms)  (pid 47063)
Compiled bootstrap-popover.js  (0ms)  (pid 47063)
Compiled bootstrap-typeahead.js  (0ms)  (pid 47063)
Compiled bootstrap.js  (37ms)  (pid 47063)
Compiled circle.player.js  (0ms)  (pid 47063)
Compiled comments.js  (96ms)  (pid 47063)
Compiled home.js  (96ms)  (pid 47063)
Compiled jquery.grab.js  (0ms)  (pid 47063)
Compiled jquery.jplayer.min.js  (0ms)  (pid 47063)
Compiled jquery.transform2d.js  (0ms)  (pid 47063)
Compiled mod.csstransforms.min.js  (0ms)  (pid 47063)
Compiled rebounds.js  (96ms)  (pid 47063)
Compiled relationships.js  (101ms)  (pid 47063)
Compiled shots.js  (95ms)  (pid 47063)
Compiled application.js  (640ms)  (pid 47063)
Compiled bootstrap_and_overrides.css  (1473ms)  (pid 47063)
Compiled circle.player.css  (0ms)  (pid 47063)
Compiled comments.css  (1ms)  (pid 47063)
Compiled font-awesome.css  (155ms)  (pid 47063)
Compiled home.css  (1ms)  (pid 47063)
Compiled rebounds.css  (0ms)  (pid 47063)
Compiled relationships.css  (1ms)  (pid 47063)
Compiled shots.css  (0ms)  (pid 47063)
Compiled zbase.css  (298ms)  (pid 47063)
Compiled application.css  (1997ms)  (pid 47063)
Connecting to database specified by database.yml
Connecting to database specified by database.yml
Connecting to database specified by database.yml
Connecting to database specified by database.yml
Connecting to database specified by database.yml
Compiled jquery.js  (3ms)  (pid 55041)
Compiled jquery_ujs.js  (0ms)  (pid 55041)
Compiled bootstrap-transition.js  (0ms)  (pid 55041)
Compiled bootstrap-affix.js  (0ms)  (pid 55041)
Compiled bootstrap-alert.js  (0ms)  (pid 55041)
Compiled bootstrap-button.js  (0ms)  (pid 55041)
Compiled bootstrap-carousel.js  (0ms)  (pid 55041)
Compiled bootstrap-collapse.js  (0ms)  (pid 55041)
Compiled bootstrap-dropdown.js  (0ms)  (pid 55041)
Compiled bootstrap-modal.js  (0ms)  (pid 55041)
Compiled bootstrap-scrollspy.js  (0ms)  (pid 55041)
Compiled bootstrap-tab.js  (0ms)  (pid 55041)
Compiled bootstrap-tooltip.js  (0ms)  (pid 55041)
Compiled bootstrap-popover.js  (0ms)  (pid 55041)
Compiled bootstrap-typeahead.js  (0ms)  (pid 55041)
Compiled bootstrap.js  (61ms)  (pid 55041)
Compiled circle.player.js  (0ms)  (pid 55041)
Compiled comments.js  (170ms)  (pid 55041)
Compiled home.js  (129ms)  (pid 55041)
Compiled jquery.grab.js  (0ms)  (pid 55041)
Compiled jquery.jplayer.min.js  (0ms)  (pid 55041)
Compiled jquery.transform2d.js  (0ms)  (pid 55041)
Compiled mod.csstransforms.min.js  (0ms)  (pid 55041)
Compiled rebounds.js  (90ms)  (pid 55041)
Compiled relationships.js  (91ms)  (pid 55041)
Compiled search.js  (89ms)  (pid 55041)
Compiled shots.js  (89ms)  (pid 55041)
Compiled application.js  (817ms)  (pid 55041)
Compiled bootstrap_and_overrides.css  (1410ms)  (pid 55041)
Compiled circle.player.css  (0ms)  (pid 55041)
Compiled comments.css  (1ms)  (pid 55041)
Compiled font-awesome.css  (142ms)  (pid 55041)
Compiled home.css  (0ms)  (pid 55041)
Compiled rebounds.css  (0ms)  (pid 55041)
Compiled relationships.css  (0ms)  (pid 55041)
Compiled search.css  (0ms)  (pid 55041)
Compiled shots.css  (0ms)  (pid 55041)
Compiled zbase.css  (316ms)  (pid 55041)
Compiled application.css  (1912ms)  (pid 55041)
Connecting to database specified by database.yml
Compiled jquery.js  (2ms)  (pid 55041)
Compiled jquery_ujs.js  (0ms)  (pid 55041)
Compiled bootstrap-transition.js  (0ms)  (pid 55041)
Compiled bootstrap-affix.js  (0ms)  (pid 55041)
Compiled bootstrap-alert.js  (0ms)  (pid 55041)
Compiled bootstrap-button.js  (0ms)  (pid 55041)
Compiled bootstrap-carousel.js  (0ms)  (pid 55041)
Compiled bootstrap-collapse.js  (0ms)  (pid 55041)
Compiled bootstrap-dropdown.js  (0ms)  (pid 55041)
Compiled bootstrap-modal.js  (0ms)  (pid 55041)
Compiled bootstrap-scrollspy.js  (0ms)  (pid 55041)
Compiled bootstrap-tab.js  (0ms)  (pid 55041)
Compiled bootstrap-tooltip.js  (0ms)  (pid 55041)
Compiled bootstrap-popover.js  (0ms)  (pid 55041)
Compiled bootstrap-typeahead.js  (0ms)  (pid 55041)
Compiled bootstrap.js  (41ms)  (pid 55041)
Compiled circle.player.js  (0ms)  (pid 55041)
Compiled comments.js  (94ms)  (pid 55041)
Compiled home.js  (135ms)  (pid 55041)
Compiled jquery.grab.js  (0ms)  (pid 55041)
Compiled jquery.jplayer.min.js  (0ms)  (pid 55041)
Compiled jquery.transform2d.js  (0ms)  (pid 55041)
Compiled mod.csstransforms.min.js  (0ms)  (pid 55041)
Compiled rebounds.js  (90ms)  (pid 55041)
Compiled relationships.js  (96ms)  (pid 55041)
Compiled search.js  (93ms)  (pid 55041)
Compiled shots.js  (92ms)  (pid 55041)
Compiled application.js  (726ms)  (pid 55041)
Compiled bootstrap_and_overrides.css  (1420ms)  (pid 55041)
Compiled circle.player.css  (0ms)  (pid 55041)
Compiled comments.css  (1ms)  (pid 55041)
Compiled font-awesome.css  (156ms)  (pid 55041)
Compiled home.css  (1ms)  (pid 55041)
Compiled rebounds.css  (0ms)  (pid 55041)
Compiled relationships.css  (0ms)  (pid 55041)
Compiled search.css  (0ms)  (pid 55041)
Compiled shots.css  (0ms)  (pid 55041)
Compiled zbase.css  (327ms)  (pid 55041)
Compiled application.css  (1944ms)  (pid 55041)
Connecting to database specified by database.yml
Connecting to database specified by database.yml
Connecting to database specified by database.yml
Compiled jquery.js  (3ms)  (pid 41448)
Compiled jquery_ujs.js  (0ms)  (pid 41448)
Compiled bootstrap-transition.js  (0ms)  (pid 41448)
Compiled bootstrap-affix.js  (0ms)  (pid 41448)
Compiled bootstrap-alert.js  (0ms)  (pid 41448)
Compiled bootstrap-button.js  (0ms)  (pid 41448)
Compiled bootstrap-carousel.js  (0ms)  (pid 41448)
Compiled bootstrap-collapse.js  (0ms)  (pid 41448)
Compiled bootstrap-dropdown.js  (0ms)  (pid 41448)
Compiled bootstrap-modal.js  (0ms)  (pid 41448)
Compiled bootstrap-scrollspy.js  (0ms)  (pid 41448)
Compiled bootstrap-tab.js  (0ms)  (pid 41448)
Compiled bootstrap-tooltip.js  (0ms)  (pid 41448)
Compiled bootstrap-popover.js  (0ms)  (pid 41448)
Compiled bootstrap-typeahead.js  (0ms)  (pid 41448)
Compiled bootstrap.js  (44ms)  (pid 41448)
Compiled circle.player.js  (0ms)  (pid 41448)
Compiled comments.js  (220ms)  (pid 41448)
Compiled home.js  (93ms)  (pid 41448)
Compiled jquery.grab.js  (0ms)  (pid 41448)
Compiled jquery.jplayer.min.js  (0ms)  (pid 41448)
Compiled jquery.transform2d.js  (0ms)  (pid 41448)
Compiled mod.csstransforms.min.js  (0ms)  (pid 41448)
Compiled rebounds.js  (96ms)  (pid 41448)
Compiled relationships.js  (91ms)  (pid 41448)
Compiled search.js  (93ms)  (pid 41448)
Compiled shots.js  (91ms)  (pid 41448)
Compiled application.js  (921ms)  (pid 41448)
Compiled bootstrap_and_overrides.css  (1540ms)  (pid 41448)
Compiled circle.player.css  (0ms)  (pid 41448)
Compiled comments.css  (1ms)  (pid 41448)
Compiled font-awesome.css  (156ms)  (pid 41448)
Compiled home.css  (1ms)  (pid 41448)
Compiled jplayer.blue.monday.css  (0ms)  (pid 41448)
Compiled rebounds.css  (0ms)  (pid 41448)
Compiled relationships.css  (0ms)  (pid 41448)
Compiled search.css  (4ms)  (pid 41448)
Compiled shots.css  (0ms)  (pid 41448)
Compiled zbase.css  (376ms)  (pid 41448)
Compiled application.css  (2129ms)  (pid 41448)
Connecting to database specified by database.yml
Compiled jquery.js  (4ms)  (pid 41448)
Compiled jquery_ujs.js  (0ms)  (pid 41448)
Compiled bootstrap-transition.js  (0ms)  (pid 41448)
Compiled bootstrap-affix.js  (0ms)  (pid 41448)
Compiled bootstrap-alert.js  (0ms)  (pid 41448)
Compiled bootstrap-button.js  (0ms)  (pid 41448)
Compiled bootstrap-carousel.js  (0ms)  (pid 41448)
Compiled bootstrap-collapse.js  (0ms)  (pid 41448)
Compiled bootstrap-dropdown.js  (0ms)  (pid 41448)
Compiled bootstrap-modal.js  (0ms)  (pid 41448)
Compiled bootstrap-scrollspy.js  (0ms)  (pid 41448)
Compiled bootstrap-tab.js  (0ms)  (pid 41448)
Compiled bootstrap-tooltip.js  (0ms)  (pid 41448)
Compiled bootstrap-popover.js  (0ms)  (pid 41448)
Compiled bootstrap-typeahead.js  (0ms)  (pid 41448)
Compiled bootstrap.js  (306ms)  (pid 41448)
Compiled circle.player.js  (0ms)  (pid 41448)
Compiled comments.js  (127ms)  (pid 41448)
Compiled home.js  (108ms)  (pid 41448)
Compiled jquery.grab.js  (0ms)  (pid 41448)
Compiled jquery.jplayer.min.js  (1ms)  (pid 41448)
Compiled jquery.transform2d.js  (0ms)  (pid 41448)
Compiled mod.csstransforms.min.js  (0ms)  (pid 41448)
Compiled rebounds.js  (102ms)  (pid 41448)
Compiled relationships.js  (100ms)  (pid 41448)
Compiled search.js  (139ms)  (pid 41448)
Compiled shots.js  (100ms)  (pid 41448)
Compiled application.js  (1054ms)  (pid 41448)
Compiled bootstrap_and_overrides.css  (1569ms)  (pid 41448)
Compiled circle.player.css  (0ms)  (pid 41448)
Compiled comments.css  (1ms)  (pid 41448)
Compiled font-awesome.css  (159ms)  (pid 41448)
Compiled home.css  (1ms)  (pid 41448)
Compiled jplayer.blue.monday.css  (0ms)  (pid 41448)
Compiled rebounds.css  (0ms)  (pid 41448)
Compiled relationships.css  (0ms)  (pid 41448)
Compiled search.css  (0ms)  (pid 41448)
Compiled shots.css  (1ms)  (pid 41448)
Compiled zbase.css  (344ms)  (pid 41448)
Compiled application.css  (2147ms)  (pid 41448)
Connecting to database specified by database.yml
Connecting to database specified by database.yml
Connecting to database specified by database.yml
Compiled jquery.js  (3ms)  (pid 1851)
Compiled jquery_ujs.js  (0ms)  (pid 1851)
Compiled bootstrap-transition.js  (0ms)  (pid 1851)
Compiled bootstrap-affix.js  (0ms)  (pid 1851)
Compiled bootstrap-alert.js  (0ms)  (pid 1851)
Compiled bootstrap-button.js  (0ms)  (pid 1851)
Compiled bootstrap-carousel.js  (0ms)  (pid 1851)
Compiled bootstrap-collapse.js  (0ms)  (pid 1851)
Compiled bootstrap-dropdown.js  (0ms)  (pid 1851)
Compiled bootstrap-modal.js  (0ms)  (pid 1851)
Compiled bootstrap-scrollspy.js  (0ms)  (pid 1851)
Compiled bootstrap-tab.js  (0ms)  (pid 1851)
Compiled bootstrap-tooltip.js  (0ms)  (pid 1851)
Compiled bootstrap-popover.js  (0ms)  (pid 1851)
Compiled bootstrap-typeahead.js  (0ms)  (pid 1851)
Compiled bootstrap.js  (91ms)  (pid 1851)
Compiled circle.player.js  (0ms)  (pid 1851)
Compiled comments.js  (188ms)  (pid 1851)
Compiled home.js  (93ms)  (pid 1851)
Compiled jquery.grab.js  (0ms)  (pid 1851)
Compiled jquery.jplayer.min.js  (0ms)  (pid 1851)
Compiled jquery.transform2d.js  (0ms)  (pid 1851)
Compiled mod.csstransforms.min.js  (0ms)  (pid 1851)
Compiled rebounds.js  (88ms)  (pid 1851)
Compiled relationships.js  (88ms)  (pid 1851)
Compiled search.js  (94ms)  (pid 1851)
Compiled shots.js  (128ms)  (pid 1851)
Compiled site.js  (90ms)  (pid 1851)
Compiled application.js  (926ms)  (pid 1851)
Compiled bootstrap_and_overrides.css  (1420ms)  (pid 1851)
Compiled circle.player.css  (0ms)  (pid 1851)
Compiled comments.css  (2ms)  (pid 1851)
Compiled font-awesome.css  (175ms)  (pid 1851)
Compiled home.css  (2ms)  (pid 1851)
Compiled jplayer.blue.monday.css  (0ms)  (pid 1851)
Compiled rebounds.css  (1ms)  (pid 1851)
Compiled relationships.css  (1ms)  (pid 1851)
Compiled search.css  (1ms)  (pid 1851)
Compiled shots.css  (1ms)  (pid 1851)
Compiled site.css  (1ms)  (pid 1851)
Compiled zbase.css  (349ms)  (pid 1851)
Compiled application.css  (2012ms)  (pid 1851)
Connecting to database specified by database.yml
Compiled jquery.js  (37ms)  (pid 1851)
Compiled jquery_ujs.js  (0ms)  (pid 1851)
Compiled bootstrap-transition.js  (0ms)  (pid 1851)
Compiled bootstrap-affix.js  (0ms)  (pid 1851)
Compiled bootstrap-alert.js  (0ms)  (pid 1851)
Compiled bootstrap-button.js  (0ms)  (pid 1851)
Compiled bootstrap-carousel.js  (0ms)  (pid 1851)
Compiled bootstrap-collapse.js  (0ms)  (pid 1851)
Compiled bootstrap-dropdown.js  (0ms)  (pid 1851)
Compiled bootstrap-modal.js  (0ms)  (pid 1851)
Compiled bootstrap-scrollspy.js  (0ms)  (pid 1851)
Compiled bootstrap-tab.js  (0ms)  (pid 1851)
Compiled bootstrap-tooltip.js  (0ms)  (pid 1851)
Compiled bootstrap-popover.js  (0ms)  (pid 1851)
Compiled bootstrap-typeahead.js  (0ms)  (pid 1851)
Compiled bootstrap.js  (42ms)  (pid 1851)
Compiled circle.player.js  (0ms)  (pid 1851)
Compiled comments.js  (122ms)  (pid 1851)
Compiled home.js  (88ms)  (pid 1851)
Compiled jquery.grab.js  (0ms)  (pid 1851)
Compiled jquery.jplayer.min.js  (0ms)  (pid 1851)
Compiled jquery.transform2d.js  (0ms)  (pid 1851)
Compiled mod.csstransforms.min.js  (0ms)  (pid 1851)
Compiled rebounds.js  (87ms)  (pid 1851)
Compiled relationships.js  (95ms)  (pid 1851)
Compiled search.js  (91ms)  (pid 1851)
Compiled shots.js  (88ms)  (pid 1851)
Compiled site.js  (93ms)  (pid 1851)
Compiled application.js  (798ms)  (pid 1851)
Compiled bootstrap_and_overrides.css  (1554ms)  (pid 1851)
Compiled circle.player.css  (0ms)  (pid 1851)
Compiled comments.css  (1ms)  (pid 1851)
Compiled font-awesome.css  (190ms)  (pid 1851)
Compiled home.css  (1ms)  (pid 1851)
Compiled jplayer.blue.monday.css  (0ms)  (pid 1851)
Compiled rebounds.css  (1ms)  (pid 1851)
Compiled relationships.css  (1ms)  (pid 1851)
Compiled search.css  (1ms)  (pid 1851)
Compiled shots.css  (0ms)  (pid 1851)
Compiled site.css  (0ms)  (pid 1851)
Compiled zbase.css  (359ms)  (pid 1851)
Compiled application.css  (2151ms)  (pid 1851)
Connecting to database specified by database.yml
Connecting to database specified by database.yml
Connecting to database specified by database.yml
Compiled jquery.js  (3ms)  (pid 13916)
Compiled jquery_ujs.js  (0ms)  (pid 13916)
Compiled bootstrap-transition.js  (0ms)  (pid 13916)
Compiled bootstrap-affix.js  (0ms)  (pid 13916)
Compiled bootstrap-alert.js  (0ms)  (pid 13916)
Compiled bootstrap-button.js  (0ms)  (pid 13916)
Compiled bootstrap-carousel.js  (0ms)  (pid 13916)
Compiled bootstrap-collapse.js  (0ms)  (pid 13916)
Compiled bootstrap-dropdown.js  (0ms)  (pid 13916)
Compiled bootstrap-modal.js  (0ms)  (pid 13916)
Compiled bootstrap-scrollspy.js  (0ms)  (pid 13916)
Compiled bootstrap-tab.js  (0ms)  (pid 13916)
Compiled bootstrap-tooltip.js  (0ms)  (pid 13916)
Compiled bootstrap-popover.js  (0ms)  (pid 13916)
Compiled bootstrap-typeahead.js  (0ms)  (pid 13916)
Compiled bootstrap.js  (47ms)  (pid 13916)
Compiled circle.player.js  (0ms)  (pid 13916)
Compiled comments.js  (178ms)  (pid 13916)
Compiled home.js  (92ms)  (pid 13916)
Compiled jquery.grab.js  (0ms)  (pid 13916)
Compiled jquery.jplayer.min.js  (0ms)  (pid 13916)
Compiled jquery.transform2d.js  (0ms)  (pid 13916)
Compiled mod.csstransforms.min.js  (0ms)  (pid 13916)
Compiled rebounds.js  (95ms)  (pid 13916)
Compiled relationships.js  (89ms)  (pid 13916)
Compiled search.js  (93ms)  (pid 13916)
Compiled shots.js  (127ms)  (pid 13916)
Compiled site.js  (92ms)  (pid 13916)
Compiled application.js  (963ms)  (pid 13916)
Compiled bootstrap_and_overrides.css  (1503ms)  (pid 13916)
Compiled circle.player.css  (0ms)  (pid 13916)
Compiled comments.css  (1ms)  (pid 13916)
Compiled font-awesome.css  (148ms)  (pid 13916)
Compiled home.css  (2ms)  (pid 13916)
Compiled jplayer.blue.monday.css  (0ms)  (pid 13916)
Compiled rebounds.css  (1ms)  (pid 13916)
Compiled relationships.css  (0ms)  (pid 13916)
Compiled search.css  (1ms)  (pid 13916)
Compiled shots.css  (0ms)  (pid 13916)
Compiled site.css  (0ms)  (pid 13916)
Compiled zbase.css  (332ms)  (pid 13916)
Compiled application.css  (2042ms)  (pid 13916)
Connecting to database specified by database.yml
Compiled jquery.js  (37ms)  (pid 13916)
Compiled jquery_ujs.js  (0ms)  (pid 13916)
Compiled bootstrap-transition.js  (0ms)  (pid 13916)
Compiled bootstrap-affix.js  (0ms)  (pid 13916)
Compiled bootstrap-alert.js  (0ms)  (pid 13916)
Compiled bootstrap-button.js  (0ms)  (pid 13916)
Compiled bootstrap-carousel.js  (0ms)  (pid 13916)
Compiled bootstrap-collapse.js  (0ms)  (pid 13916)
Compiled bootstrap-dropdown.js  (0ms)  (pid 13916)
Compiled bootstrap-modal.js  (0ms)  (pid 13916)
Compiled bootstrap-scrollspy.js  (0ms)  (pid 13916)
Compiled bootstrap-tab.js  (0ms)  (pid 13916)
Compiled bootstrap-tooltip.js  (0ms)  (pid 13916)
Compiled bootstrap-popover.js  (0ms)  (pid 13916)
Compiled bootstrap-typeahead.js  (0ms)  (pid 13916)
Compiled bootstrap.js  (61ms)  (pid 13916)
Compiled circle.player.js  (0ms)  (pid 13916)
Compiled comments.js  (138ms)  (pid 13916)
Compiled home.js  (94ms)  (pid 13916)
Compiled jquery.grab.js  (0ms)  (pid 13916)
Compiled jquery.jplayer.min.js  (0ms)  (pid 13916)
Compiled jquery.transform2d.js  (0ms)  (pid 13916)
Compiled mod.csstransforms.min.js  (0ms)  (pid 13916)
Compiled rebounds.js  (92ms)  (pid 13916)
Compiled relationships.js  (97ms)  (pid 13916)
Compiled search.js  (89ms)  (pid 13916)
Compiled shots.js  (90ms)  (pid 13916)
Compiled site.js  (89ms)  (pid 13916)
Compiled application.js  (847ms)  (pid 13916)
Compiled bootstrap_and_overrides.css  (1445ms)  (pid 13916)
Compiled circle.player.css  (0ms)  (pid 13916)
Compiled comments.css  (0ms)  (pid 13916)
Compiled font-awesome.css  (170ms)  (pid 13916)
Compiled home.css  (0ms)  (pid 13916)
Compiled jplayer.blue.monday.css  (0ms)  (pid 13916)
Compiled rebounds.css  (2ms)  (pid 13916)
Compiled relationships.css  (2ms)  (pid 13916)
Compiled search.css  (2ms)  (pid 13916)
Compiled shots.css  (1ms)  (pid 13916)
Compiled site.css  (1ms)  (pid 13916)
Compiled zbase.css  (371ms)  (pid 13916)
Compiled application.css  (2048ms)  (pid 13916)
Connecting to database specified by database.yml
